<?xml version="1.0" encoding="UTF-8"?>
<!-- Generated by org.testng.reporters.JUnitReportReporter -->
<testsuite skipped="0" hostname="2318df4b7af4" name="com.newtours.tests.BookFlightTest" tests="15" failures="0" timestamp="2020-05-03T06:53:54 GMT" time="45.353" errors="0">
  <testcase name="flightDetailsPage" time="1.487" classname="com.newtours.tests.BookFlightTest"/>
  <system-out/>
  <testcase name="findFlightPage" time="3.334" classname="com.newtours.tests.BookFlightTest"/>
  <system-out/>
  <testcase name="registrationConfirmationPageTest" time="1.178" classname="com.newtours.tests.BookFlightTest"/>
  <system-out/>
  <testcase name="registrationPageTest" time="6.290" classname="com.newtours.tests.BookFlightTest"/>
  <system-out/>
  <testcase name="flightConfirmationPage" time="1.308" classname="com.newtours.tests.BookFlightTest"/>
  <system-out/>
  <testcase name="flightConfirmationPage" time="1.499" classname="com.newtours.tests.BookFlightTest"/>
  <system-out/>
  <testcase name="registrationConfirmationPageTest" time="1.200" classname="com.newtours.tests.BookFlightTest"/>
  <system-out/>
  <testcase name="findFlightPage" time="5.115" classname="com.newtours.tests.BookFlightTest"/>
  <system-out/>
  <testcase name="findFlightPage" time="5.337" classname="com.newtours.tests.BookFlightTest"/>
  <system-out/>
  <testcase name="flightConfirmationPage" time="2.695" classname="com.newtours.tests.BookFlightTest"/>
  <system-out/>
  <testcase name="registrationPageTest" time="4.359" classname="com.newtours.tests.BookFlightTest"/>
  <system-out/>
  <testcase name="registrationConfirmationPageTest" time="1.817" classname="com.newtours.tests.BookFlightTest"/>
  <system-out/>
  <testcase name="registrationPageTest" time="6.878" classname="com.newtours.tests.BookFlightTest"/>
  <system-out/>
  <testcase name="flightDetailsPage" time="1.511" classname="com.newtours.tests.BookFlightTest"/>
  <system-out/>
  <testcase name="flightDetailsPage" time="1.345" classname="com.newtours.tests.BookFlightTest"/>
  <system-out/>
</testsuite> <!-- com.newtours.tests.BookFlightTest -->
