<?xml version="1.0" encoding="UTF-8"?>
<!-- Generated by org.testng.reporters.JUnitReportReporter -->
<testsuite skipped="0" hostname="1c66d6e92000" name="com.searchmodule.test.SearchTest" tests="5" failures="0" timestamp="2020-05-03T06:53:54 GMT" time="31.426" errors="0">
  <testcase name="search" time="6.941" classname="com.searchmodule.test.SearchTest"/>
  <system-out/>
  <testcase name="search" time="5.804" classname="com.searchmodule.test.SearchTest"/>
  <system-out/>
  <testcase name="search" time="5.837" classname="com.searchmodule.test.SearchTest"/>
  <system-out/>
  <testcase name="search" time="6.100" classname="com.searchmodule.test.SearchTest"/>
  <system-out/>
  <testcase name="search" time="6.744" classname="com.searchmodule.test.SearchTest"/>
  <system-out/>
</testsuite> <!-- com.searchmodule.test.SearchTest -->
